<?xml version="1.0" encoding="UTF-8"?>
<!-- Generated by org.testng.reporters.JUnitXMLReporter -->
<testsuite ignored="1" hostname="Tomato" failures="0" tests="4" name="Default test" time="1.415" errors="0" timestamp="2019-10-14T22:29:28 PDT">
  <testcase classname="LTE.BasicExtentReport" name="testCase1" time="0.019"/>
  <testcase classname="LTE.BasicExtentReport" name="testCase2" time="0.006"/>
  <testcase classname="LTE.BasicExtentReport" name="testCase3" time="0.004"/>
  <testcase classname="LTE.BasicExtentReport" name="testCase5" time="0.003">
    <skipped/>
  </testcase> <!-- testCase5 -->
  <testcase classname="LTE.BasicExtentReport" name="testCase6" time="0.0">
    <ignored/>
  </testcase> <!-- testCase6 -->
</testsuite> <!-- Default test -->
