<?xml version="1.0" encoding="UTF-8"?>
<!-- Generated by org.testng.reporters.JUnitXMLReporter -->
<testsuite ignored="0" hostname="Tomato" failures="1" tests="3" name="Test" time="24.038" errors="0" timestamp="2019-10-12T21:00:39 PDT">
  <testcase classname="LTE.ShadowDOMExample" name="testGetText_FromShadowDOMElements" time="0.324"/>
  <testcase classname="LTE.SFDC_TestNGDemo" name="verifySFDCLogin" time="5.993"/>
  <testcase classname="LTE.SFDC_TestNGDemo" name="verifyHomepageTitle" time="5.861">
    <failure type="java.lang.AssertionError" message="expected [Welcome: Mercury Tours] but found [Login | Salesforce]">
      <![CDATA[java.lang.AssertionError: expected [Welcome: Mercury Tours] but found [Login | Salesforce]
at LTE.SFDC_TestNGDemo.verifyHomepageTitle(SFDC_TestNGDemo.java:32)
at java.base/java.util.ArrayList.forEach(ArrayList.java:1507)
... Removed 32 stack frames]]>
    </failure>
  </testcase> <!-- verifyHomepageTitle -->
</testsuite> <!-- Test -->
