<?xml version="1.0" encoding="UTF-8"?>
<testng-results ignored="0" total="1" passed="1" failed="0" skipped="0">
  <reporter-output>
  </reporter-output>
  <suite started-at="2019-10-12T14:29:46 PDT" name="Default suite" finished-at="2019-10-12T14:29:53 PDT" duration-ms="6710">
    <groups>
    </groups>
    <test started-at="2019-10-12T14:29:46 PDT" name="Default test" finished-at="2019-10-12T14:29:53 PDT" duration-ms="6710">
      <class name="LTE.ShadowDOMExample">
        <test-method is-config="true" signature="setUp()[pri:0, instance:LTE.ShadowDOMExample@1a0dcaa]" started-at="2019-10-12T14:29:46 PDT" name="setUp" finished-at="2019-10-12T14:29:52 PDT" duration-ms="5681" status="PASS">
          <reporter-output>
          </reporter-output>
        </test-method> <!-- setUp -->
        <test-method signature="testGetText_FromShadowDOMElements()[pri:0, instance:LTE.ShadowDOMExample@1a0dcaa]" started-at="2019-10-12T14:29:52 PDT" name="testGetText_FromShadowDOMElements" finished-at="2019-10-12T14:29:52 PDT" duration-ms="343" status="PASS">
          <reporter-output>
          </reporter-output>
        </test-method> <!-- testGetText_FromShadowDOMElements -->
        <test-method is-config="true" signature="tearDown()[pri:0, instance:LTE.ShadowDOMExample@1a0dcaa]" started-at="2019-10-12T14:29:52 PDT" name="tearDown" finished-at="2019-10-12T14:29:53 PDT" duration-ms="662" status="PASS">
          <reporter-output>
          </reporter-output>
        </test-method> <!-- tearDown -->
      </class> <!-- LTE.ShadowDOMExample -->
    </test> <!-- Default test -->
  </suite> <!-- Default suite -->
</testng-results>
