<?xml version="1.0" encoding="UTF-8"?>
<testng-results ignored="0" total="1" passed="1" failed="0" skipped="0">
  <reporter-output>
  </reporter-output>
  <suite started-at="2019-10-12T22:22:22 PDT" name="Suite" finished-at="2019-10-12T22:22:36 PDT" duration-ms="13928">
    <groups>
    </groups>
    <test started-at="2019-10-12T22:22:22 PDT" name="Test" finished-at="2019-10-12T22:22:36 PDT" duration-ms="13928">
      <class name="LTE.ShadowDOMExample">
        <test-method is-config="true" signature="setUp()[pri:0, instance:LTE.ShadowDOMExample@2a32de6c]" started-at="2019-10-12T22:22:22 PDT" name="setUp" finished-at="2019-10-12T22:22:29 PDT" duration-ms="6601" status="PASS">
          <reporter-output>
          </reporter-output>
        </test-method> <!-- setUp -->
        <test-method is-config="true" signature="setUp()[pri:0, instance:LTE.ShadowDOMExample@2a32de6c]" started-at="2019-10-12T22:22:29 PDT" name="setUp" finished-at="2019-10-12T22:22:34 PDT" duration-ms="5502" status="PASS">
          <reporter-output>
          </reporter-output>
        </test-method> <!-- setUp -->
        <test-method signature="testGetText_FromShadowDOMElements()[pri:0, instance:LTE.ShadowDOMExample@2a32de6c]" started-at="2019-10-12T22:22:34 PDT" name="testGetText_FromShadowDOMElements" finished-at="2019-10-12T22:22:35 PDT" duration-ms="981" status="PASS">
          <reporter-output>
          </reporter-output>
        </test-method> <!-- testGetText_FromShadowDOMElements -->
        <test-method is-config="true" signature="tearDown()[pri:0, instance:LTE.ShadowDOMExample@2a32de6c]" started-at="2019-10-12T22:22:35 PDT" name="tearDown" finished-at="2019-10-12T22:22:36 PDT" duration-ms="762" status="PASS">
          <reporter-output>
          </reporter-output>
        </test-method> <!-- tearDown -->
        <test-method is-config="true" signature="tearDown()[pri:0, instance:LTE.ShadowDOMExample@2a32de6c]" started-at="2019-10-12T22:22:36 PDT" name="tearDown" finished-at="2019-10-12T22:22:36 PDT" duration-ms="0" status="PASS">
          <reporter-output>
          </reporter-output>
        </test-method> <!-- tearDown -->
      </class> <!-- LTE.ShadowDOMExample -->
    </test> <!-- Test -->
  </suite> <!-- Suite -->
</testng-results>
