<?xml version="1.0" encoding="UTF-8"?>
<!-- Generated by org.testng.reporters.JUnitXMLReporter -->
<testsuite ignored="1" hostname="Tomato" failures="0" tests="4" name="Extent Report Test" time="1.408" errors="0" timestamp="2019-10-14T22:30:57 PDT">
  <testcase classname="LTE.BasicExtentReport" name="testCase1" time="0.027"/>
  <testcase classname="LTE.BasicExtentReport" name="testCase2" time="0.003"/>
  <testcase classname="LTE.BasicExtentReport" name="testCase3" time="0.003"/>
  <testcase classname="LTE.BasicExtentReport" name="testCase5" time="0.002">
    <skipped/>
  </testcase> <!-- testCase5 -->
  <testcase classname="LTE.BasicExtentReport" name="testCase6" time="0.0">
    <ignored/>
  </testcase> <!-- testCase6 -->
</testsuite> <!-- Extent Report Test -->
